<?xml version="1.0" encoding="UTF-8"?>
<!-- Generated by org.testng.reporters.JUnitXMLReporter -->
<testsuite hostname="GYANESH-PC" ignored="0" name="Test" tests="5" failures="0" timestamp="19 Nov 2019 11:22:01 GMT" time="133.112" errors="0">
  <testcase name="loginPageTitleTest" time="0.029" classname="com.qa.flipkart.tests.LoginTest"/>
  <testcase name="verifyHomePageTitleTest" time="0.011" classname="com.qa.flipkart.tests.HomePageTest"/>
  <testcase name="loginLinkTest" time="0.502" classname="com.qa.flipkart.tests.LoginTest"/>
  <testcase name="clickOnCartTest" time="36.387" classname="com.qa.flipkart.tests.HomePageTest"/>
  <testcase name="validLogin" time="6.401" classname="com.qa.flipkart.tests.LoginTest"/>
</testsuite> <!-- Test -->
